Determining if the pthread_create exist failed with the following output:
Change Dir: /home/kalos/CLionProjects/Voice_for_VLC/cmake-build-release/CMakeFiles/CMakeTmp

Run Build Command(s):/usr/bin/make cmTC_31b5f/fast 
/usr/bin/make -f CMakeFiles/cmTC_31b5f.dir/build.make CMakeFiles/cmTC_31b5f.dir/build
make[1]: Entering directory '/home/kalos/CLionProjects/Voice_for_VLC/cmake-build-release/CMakeFiles/CMakeTmp'
Building C object CMakeFiles/cmTC_31b5f.dir/CheckSymbolExists.c.o
/usr/bin/cc    -o CMakeFiles/cmTC_31b5f.dir/CheckSymbolExists.c.o   -c /home/kalos/CLionProjects/Voice_for_VLC/cmake-build-release/CMakeFiles/CMakeTmp/CheckSymbolExists.c
Linking C executable cmTC_31b5f
/home/kalos/Desktop/clion-2019.1.2/bin/cmake/linux/bin/cmake -E cmake_link_script CMakeFiles/cmTC_31b5f.dir/link.txt --verbose=1
/usr/bin/cc      CMakeFiles/cmTC_31b5f.dir/CheckSymbolExists.c.o  -o cmTC_31b5f 
CMakeFiles/cmTC_31b5f.dir/CheckSymbolExists.c.o: In function `main':
CheckSymbolExists.c:(.text+0x16): undefined reference to `pthread_create'
collect2: error: ld returned 1 exit status
CMakeFiles/cmTC_31b5f.dir/build.make:86: recipe for target 'cmTC_31b5f' failed
make[1]: *** [cmTC_31b5f] Error 1
make[1]: Leaving directory '/home/kalos/CLionProjects/Voice_for_VLC/cmake-build-release/CMakeFiles/CMakeTmp'
Makefile:121: recipe for target 'cmTC_31b5f/fast' failed
make: *** [cmTC_31b5f/fast] Error 2

File /home/kalos/CLionProjects/Voice_for_VLC/cmake-build-release/CMakeFiles/CMakeTmp/CheckSymbolExists.c:
/* */
#include <pthread.h>

int main(int argc, char** argv)
{
  (void)argv;
#ifndef pthread_create
  return ((int*)(&pthread_create))[argc];
#else
  (void)argc;
  return 0;
#endif
}

Determining if the function pthread_create exists in the pthreads failed with the following output:
Change Dir: /home/kalos/CLionProjects/Voice_for_VLC/cmake-build-release/CMakeFiles/CMakeTmp

Run Build Command(s):/usr/bin/make cmTC_d78e7/fast 
/usr/bin/make -f CMakeFiles/cmTC_d78e7.dir/build.make CMakeFiles/cmTC_d78e7.dir/build
make[1]: Entering directory '/home/kalos/CLionProjects/Voice_for_VLC/cmake-build-release/CMakeFiles/CMakeTmp'
Building C object CMakeFiles/cmTC_d78e7.dir/CheckFunctionExists.c.o
/usr/bin/cc   -DCHECK_FUNCTION_EXISTS=pthread_create   -o CMakeFiles/cmTC_d78e7.dir/CheckFunctionExists.c.o   -c /home/kalos/Desktop/clion-2019.1.2/bin/cmake/linux/share/cmake-3.14/Modules/CheckFunctionExists.c
Linking C executable cmTC_d78e7
/home/kalos/Desktop/clion-2019.1.2/bin/cmake/linux/bin/cmake -E cmake_link_script CMakeFiles/cmTC_d78e7.dir/link.txt --verbose=1
/usr/bin/cc  -DCHECK_FUNCTION_EXISTS=pthread_create    CMakeFiles/cmTC_d78e7.dir/CheckFunctionExists.c.o  -o cmTC_d78e7 -lpthreads 
/usr/bin/ld: cannot find -lpthreads
collect2: error: ld returned 1 exit status
CMakeFiles/cmTC_d78e7.dir/build.make:86: recipe for target 'cmTC_d78e7' failed
make[1]: *** [cmTC_d78e7] Error 1
make[1]: Leaving directory '/home/kalos/CLionProjects/Voice_for_VLC/cmake-build-release/CMakeFiles/CMakeTmp'
Makefile:121: recipe for target 'cmTC_d78e7/fast' failed
make: *** [cmTC_d78e7/fast] Error 2


